<?xml version="1.0" encoding="UTF-8"?>
<!-- Generated by org.testng.reporters.JUnitXMLReporter -->
<testsuite ignored="4" hostname="Sandy" failures="0" tests="3" name="Test" time="86.789" errors="0" timestamp="2022-09-15T21:43:20 IST">
  <testcase classname="com.crm.VTiger.TestCases.CreateContactwithOrganisationTest" name="contactTest" time="13.375"/>
  <testcase classname="com.crm.VTiger.TestCases.ValidateContactNameTest" name="valContactname" time="20.824"/>
  <testcase classname="com.crm.VTiger.TestCases.ValidateOrganisationNameTest" name="validateOrg" time="16.438"/>
  <testcase classname="GenericLibrary.BaseClass" name="@AfterSuite closeConnWithDB" time="0.0">
    <ignored/>
  </testcase> <!-- @AfterSuite closeConnWithDB -->
  <testcase classname="GenericLibrary.BaseClass" name="@AfterSuite closeConnWithDB" time="0.0">
    <ignored/>
  </testcase> <!-- @AfterSuite closeConnWithDB -->
  <testcase classname="GenericLibrary.BaseClass" name="@BeforeSuite creConnWithDB" time="0.0">
    <ignored/>
  </testcase> <!-- @BeforeSuite creConnWithDB -->
  <testcase classname="GenericLibrary.BaseClass" name="@BeforeSuite creConnWithDB" time="0.0">
    <ignored/>
  </testcase> <!-- @BeforeSuite creConnWithDB -->
</testsuite> <!-- Test -->
