<?xml version="1.0" encoding="UTF-8"?>
<!-- Generated by org.testng.reporters.JUnitXMLReporter -->
<testsuite ignored="6" hostname="Sandy" failures="1" tests="4" name="Test" time="71.311" errors="0" timestamp="2022-09-05T16:18:58 IST">
  <testcase classname="com.crm.VTiger.TestCases.CreateOrganisationwithIndustryType" name="creOrg" time="11.146"/>
  <testcase classname="com.crm.VTiger.TestCases.CreateContactwithOrganisationTest" name="contactTest" time="5.428">
    <failure type="java.lang.AssertionError" message="expected:&amp;lt;false&amp;gt; but was:&amp;lt;true&amp;gt;">
      <![CDATA[java.lang.AssertionError: expected:<false> but was:<true>
at org.junit.Assert.fail(Assert.java:93)
at org.junit.Assert.failNotEquals(Assert.java:647)
at org.junit.Assert.assertEquals(Assert.java:128)
at org.junit.Assert.assertEquals(Assert.java:147)
at com.crm.VTiger.TestCases.CreateContactwithOrganisationTest.contactTest(CreateContactwithOrganisationTest.java:43)
at java.base/java.util.ArrayList.forEach(ArrayList.java:1511)
... Removed 27 stack frames]]>
    </failure>
  </testcase> <!-- contactTest -->
  <testcase classname="com.crm.VTiger.TestCases.ValidateContactNameTest" name="valContactname" time="12.774"/>
  <testcase classname="com.crm.VTiger.TestCases.ValidateOrganisationNameTest" name="validateOrg" time="7.826"/>
  <testcase classname="GenericLibrary.BaseClass" name="@AfterSuite closeConnWithDB" time="0.0">
    <ignored/>
  </testcase> <!-- @AfterSuite closeConnWithDB -->
  <testcase classname="GenericLibrary.BaseClass" name="@AfterSuite closeConnWithDB" time="0.0">
    <ignored/>
  </testcase> <!-- @AfterSuite closeConnWithDB -->
  <testcase classname="GenericLibrary.BaseClass" name="@AfterSuite closeConnWithDB" time="0.0">
    <ignored/>
  </testcase> <!-- @AfterSuite closeConnWithDB -->
  <testcase classname="GenericLibrary.BaseClass" name="@BeforeSuite creConnWithDB" time="0.0">
    <ignored/>
  </testcase> <!-- @BeforeSuite creConnWithDB -->
  <testcase classname="GenericLibrary.BaseClass" name="@BeforeSuite creConnWithDB" time="0.0">
    <ignored/>
  </testcase> <!-- @BeforeSuite creConnWithDB -->
  <testcase classname="GenericLibrary.BaseClass" name="@BeforeSuite creConnWithDB" time="0.0">
    <ignored/>
  </testcase> <!-- @BeforeSuite creConnWithDB -->
</testsuite> <!-- Test -->
