<?xml version="1.0" encoding="UTF-8"?>
<!-- Generated by org.testng.reporters.JUnitXMLReporter -->
<testsuite hostname="Sandy" ignored="6" name="Test" tests="4" failures="0" timestamp="2022-09-09T17:09:08 IST" time="121.492" errors="0">
  <testcase name="creOrg" time="19.005" classname="com.crm.VTiger.TestCases.CreateOrganisationwithIndustryType"/>
  <testcase name="contactTest" time="14.289" classname="com.crm.VTiger.TestCases.CreateContactwithOrganisationTest"/>
  <testcase name="valContactname" time="22.207" classname="com.crm.VTiger.TestCases.ValidateContactNameTest"/>
  <testcase name="validateOrg" time="15.707" classname="com.crm.VTiger.TestCases.ValidateOrganisationNameTest"/>
  <testcase name="@AfterSuite closeConnWithDB" time="0.0" classname="GenericLibrary.BaseClass">
    <ignored/>
  </testcase> <!-- @AfterSuite closeConnWithDB -->
  <testcase name="@AfterSuite closeConnWithDB" time="0.0" classname="GenericLibrary.BaseClass">
    <ignored/>
  </testcase> <!-- @AfterSuite closeConnWithDB -->
  <testcase name="@AfterSuite closeConnWithDB" time="0.0" classname="GenericLibrary.BaseClass">
    <ignored/>
  </testcase> <!-- @AfterSuite closeConnWithDB -->
  <testcase name="@BeforeSuite creConnWithDB" time="0.0" classname="GenericLibrary.BaseClass">
    <ignored/>
  </testcase> <!-- @BeforeSuite creConnWithDB -->
  <testcase name="@BeforeSuite creConnWithDB" time="0.0" classname="GenericLibrary.BaseClass">
    <ignored/>
  </testcase> <!-- @BeforeSuite creConnWithDB -->
  <testcase name="@BeforeSuite creConnWithDB" time="0.0" classname="GenericLibrary.BaseClass">
    <ignored/>
  </testcase> <!-- @BeforeSuite creConnWithDB -->
</testsuite> <!-- Test -->
