<?xml version="1.0" encoding="UTF-8"?>
<testsuite xmlns:xsi="http://www.w3.org/2001/XMLSchema-instance" xsi:noNamespaceSchemaLocation="https://maven.apache.org/surefire/maven-surefire-plugin/xsd/surefire-test-report-3.0.xsd" version="3.0" name="TestSuite" time="42.315" tests="2" errors="0" skipped="0" failures="0">
  <properties>
[...]
</properties>
  <testcase name="validateOrg" classname="com.crm.VTiger.TestCases.OrgTCSTest" time="20.876">
    <system-out><![CDATA[========== Create Connection with DataBase===========
========== Openning Browser===========
========== Openning Browser===========
========== Logging into the Application ============
========== Logging into the Application ============
Validated Successfully
============= ORG VALIDATED============
Organisation validated
]]></system-out>
    <system-err><![CDATA[SLF4J: Failed to load class "org.slf4j.impl.StaticLoggerBinder".
SLF4J: Defaulting to no-operation (NOP) logger implementation
SLF4J: See http://www.slf4j.org/codes.html#StaticLoggerBinder for further details.
Starting Microsoft Edge WebDriver 105.0.1343.23 (8833bd841dcab638ea52825d89982987bfd5d618) on port 51141
To submit feedback, report a bug, or suggest new features, pleStarting Mase iviscitr hotstpos:f/t/g itEhdugbe.co mW/eMbDircivreor s1o05f.t0.E13d4g3.e2/3 E(8d8g33ebWd8e4b1dDcarbi63v8eear52
82
5Odn8l9y9 8l2o9ca8l7 bcfodn5nde6c1t8i)o nosn  aproer t a5l2l9o9w3ed
.To
 Psluebamsei t sfeee ehdbtatcpks,: /re/paorkta a. bmugs,/ oWr esbDurgigveesrtS enceuwr ifteya tfourr essu,g gpelsetaisoe nviss iotn  hkteteppsi:n/g/ gMiitchruobs.ofcto Emd/gMei cWerboDsroifvterE dsgaef/eE.d
ge
WebDriver

Only local connections are allowed.
Please see https://aka.ms/WebDriverSecurity for suggestions on keeping Microsoft Edge WebDriver safe.

MMiiccrrosoosft Edge oWebfDtri vEedrg ewa sW estbaDrtredi svucceesrsf ulwlay.s
 started successfully.
Sep 09, 2022 5:09:46 PM org.openqa.selenium.remote.ProtocolHandshake createSession
INFO: Detected upstream dialect: W3C
Sep 09, 2022 5:09:46 PM org.openqa.selenium.remote.ProtocolHandshake createSession
INFO: Detected upstream dialect: W3C
Sep 09, 2022 5:09:46 PM org.openqa.selenium.devtools.CdpVersionFinder findNearestMatch
WARNING: Unable to find an exact match for CDP version 105, so returning the closest version found: 104
Sep 09, 2022 5:09:46 PM org.openqa.selenium.devtools.CdpVersionFinder findNearestMatch
WARNING: Unable to find an exact match for CDP version 105, so returning the closest version found: 104
Sep 09, 2022 5:09:46 PM org.openqa.selenium.devtools.CdpVersionFinder findNearestMatch
INFO: Found CDP implementation for version 105 of 104
Sep 09, 2022 5:09:46 PM org.openqa.selenium.devtools.CdpVersionFinder findNearestMatch
INFO: Found CDP implementation for version 105 of 104
]]></system-err>
  </testcase>
  <testcase name="creOrg" classname="com.crm.VTiger.TestCases.OrgTCSTest" time="25.267">
    <system-out><![CDATA[=========Logging out from the Application===========
============Closing Browser============
Validated Successfully
========== Org Created=========
]]></system-out>
  </testcase>
</testsuite>