<?xml version="1.0" encoding="UTF-8"?>
<testng-results ignored="0" total="1" passed="1" failed="0" skipped="0">
  <reporter-output>
  </reporter-output>
  <suite started-at="2022-09-16T16:55:45 IST" name="Default suite" finished-at="2022-09-16T16:55:46 IST" duration-ms="461">
    <groups>
    </groups>
    <test started-at="2022-09-16T16:55:45 IST" name="Default test" finished-at="2022-09-16T16:55:46 IST" duration-ms="461">
      <class name="jDBC.InsertdatIntoDB">
        <test-method signature="insertData()[pri:0, instance:jDBC.InsertdatIntoDB@66f57048]" started-at="2022-09-16T16:55:45 IST" name="insertData" finished-at="2022-09-16T16:55:46 IST" duration-ms="406" status="PASS">
          <reporter-output>
          </reporter-output>
        </test-method> <!-- insertData -->
      </class> <!-- jDBC.InsertdatIntoDB -->
    </test> <!-- Default test -->
  </suite> <!-- Default suite -->
</testng-results>
